d:\ml\prj\rule_based_algorithm\chinesechess\x64\debug\chinesechess.pch
d:\ml\prj\rule_based_algorithm\chinesechess\x64\debug\vc141.pdb
d:\ml\prj\rule_based_algorithm\chinesechess\x64\debug\vc141.idb
d:\ml\prj\rule_based_algorithm\chinesechess\x64\debug\stdafx.obj
d:\ml\prj\rule_based_algorithm\chinesechess\x64\debug\searchmodel.obj
d:\ml\prj\rule_based_algorithm\chinesechess\x64\debug\rules.obj
d:\ml\prj\rule_based_algorithm\chinesechess\x64\debug\piece.obj
d:\ml\prj\rule_based_algorithm\chinesechess\x64\debug\evalmodel.obj
d:\ml\prj\rule_based_algorithm\chinesechess\x64\debug\chinesechess.obj
d:\ml\prj\rule_based_algorithm\chinesechess\x64\debug\board.obj
d:\ml\prj\rule_based_algorithm\chinesechess\x64\debug\alphabetanode.obj
d:\ml\prj\rule_based_algorithm\x64\debug\chinesechess.ilk
d:\ml\prj\rule_based_algorithm\x64\debug\chinesechess.exe
d:\ml\prj\rule_based_algorithm\x64\debug\chinesechess.pdb
h:\chessresource\nocrash201812012012\chinesechess\x64\debug\alphabetanode.obj
h:\chessresource\nocrash201812012012\chinesechess\x64\debug\board.obj
h:\chessresource\nocrash201812012012\chinesechess\x64\debug\chinesechess.obj
h:\chessresource\nocrash201812012012\chinesechess\x64\debug\evalmodel.obj
h:\chessresource\nocrash201812012012\chinesechess\x64\debug\piece.obj
h:\chessresource\nocrash201812012012\chinesechess\x64\debug\rules.obj
h:\chessresource\nocrash201812012012\chinesechess\x64\debug\searchmodel.obj
h:\chessresource\nocrash201812012012\chinesechess\x64\debug\stdafx.obj
h:\chessresource\nocrash201812012012\chinesechess\x64\debug\chinesechess.pch
h:\chessresource\nocrash201812012012\chinesechess\x64\debug\vc141.idb
h:\chessresource\nocrash201812012012\chinesechess\x64\debug\vc141.pdb
h:\chessresource\nocrash201812012012\chinesechess\x64\debug\chinesechess.tlog\cl.command.1.tlog
h:\chessresource\nocrash201812012012\chinesechess\x64\debug\chinesechess.tlog\cl.read.1.tlog
h:\chessresource\nocrash201812012012\chinesechess\x64\debug\chinesechess.tlog\cl.write.1.tlog
h:\chessresource\nocrash201812012012\chinesechess\x64\debug\chinesechess.tlog\link.command.1.tlog
h:\chessresource\nocrash201812012012\chinesechess\x64\debug\chinesechess.tlog\link.read.1.tlog
h:\chessresource\nocrash201812012012\chinesechess\x64\debug\chinesechess.tlog\link.write.1.tlog
