  stdafx.cpp
  alphaBetaNode.cpp
  board.cpp
  ChineseChess.cpp
c:\users\ethanjyang\desktop\rule_based_algorithm_lin201812021158\rule_based_algorithm_lin201812021158\chinesechess\chinesechess.cpp(142): warning C4244: “初始化”: 从“__int64”转换到“unsigned long”，可能丢失数据
c:\users\ethanjyang\desktop\rule_based_algorithm_lin201812021158\rule_based_algorithm_lin201812021158\chinesechess\chinesechess.cpp(327): warning C4267: “初始化”: 从“size_t”转换到“int”，可能丢失数据
c:\users\ethanjyang\desktop\rule_based_algorithm_lin201812021158\rule_based_algorithm_lin201812021158\chinesechess\chinesechess.cpp(359): warning C4129: “/”: 不可识别的字符转义序列
c:\users\ethanjyang\desktop\rule_based_algorithm_lin201812021158\rule_based_algorithm_lin201812021158\chinesechess\chinesechess.cpp(370): warning C4267: “初始化”: 从“size_t”转换到“int”，可能丢失数据
  evalModel.cpp
c:\users\ethanjyang\desktop\rule_based_algorithm_lin201812021158\rule_based_algorithm_lin201812021158\chinesechess\evalmodel.cpp(261): warning C4267: “=”: 从“size_t”转换到“int”，可能丢失数据
c:\users\ethanjyang\desktop\rule_based_algorithm_lin201812021158\rule_based_algorithm_lin201812021158\chinesechess\evalmodel.cpp(264): warning C4244: “=”: 从“int”转换到“float”，可能丢失数据
c:\users\ethanjyang\desktop\rule_based_algorithm_lin201812021158\rule_based_algorithm_lin201812021158\chinesechess\evalmodel.cpp(275): warning C4244: “=”: 从“int”转换到“float”，可能丢失数据
c:\users\ethanjyang\desktop\rule_based_algorithm_lin201812021158\rule_based_algorithm_lin201812021158\chinesechess\evalmodel.cpp(277): warning C4244: “=”: 从“int”转换到“float”，可能丢失数据
c:\users\ethanjyang\desktop\rule_based_algorithm_lin201812021158\rule_based_algorithm_lin201812021158\chinesechess\evalmodel.cpp(281): warning C4244: “=”: 从“int”转换到“float”，可能丢失数据
c:\users\ethanjyang\desktop\rule_based_algorithm_lin201812021158\rule_based_algorithm_lin201812021158\chinesechess\evalmodel.cpp(286): warning C4244: “=”: 从“int”转换到“float”，可能丢失数据
c:\users\ethanjyang\desktop\rule_based_algorithm_lin201812021158\rule_based_algorithm_lin201812021158\chinesechess\evalmodel.cpp(288): warning C4244: “=”: 从“int”转换到“float”，可能丢失数据
c:\users\ethanjyang\desktop\rule_based_algorithm_lin201812021158\rule_based_algorithm_lin201812021158\chinesechess\evalmodel.cpp(292): warning C4244: “=”: 从“int”转换到“float”，可能丢失数据
c:\users\ethanjyang\desktop\rule_based_algorithm_lin201812021158\rule_based_algorithm_lin201812021158\chinesechess\evalmodel.cpp(297): warning C4244: “=”: 从“int”转换到“float”，可能丢失数据
c:\users\ethanjyang\desktop\rule_based_algorithm_lin201812021158\rule_based_algorithm_lin201812021158\chinesechess\evalmodel.cpp(299): warning C4244: “=”: 从“int”转换到“float”，可能丢失数据
c:\users\ethanjyang\desktop\rule_based_algorithm_lin201812021158\rule_based_algorithm_lin201812021158\chinesechess\evalmodel.cpp(303): warning C4244: “=”: 从“int”转换到“float”，可能丢失数据
c:\users\ethanjyang\desktop\rule_based_algorithm_lin201812021158\rule_based_algorithm_lin201812021158\chinesechess\evalmodel.cpp(308): warning C4244: “=”: 从“int”转换到“float”，可能丢失数据
c:\users\ethanjyang\desktop\rule_based_algorithm_lin201812021158\rule_based_algorithm_lin201812021158\chinesechess\evalmodel.cpp(310): warning C4244: “=”: 从“int”转换到“float”，可能丢失数据
c:\users\ethanjyang\desktop\rule_based_algorithm_lin201812021158\rule_based_algorithm_lin201812021158\chinesechess\evalmodel.cpp(314): warning C4244: “=”: 从“int”转换到“float”，可能丢失数据
c:\users\ethanjyang\desktop\rule_based_algorithm_lin201812021158\rule_based_algorithm_lin201812021158\chinesechess\evalmodel.cpp(319): warning C4244: “=”: 从“int”转换到“float”，可能丢失数据
c:\users\ethanjyang\desktop\rule_based_algorithm_lin201812021158\rule_based_algorithm_lin201812021158\chinesechess\evalmodel.cpp(321): warning C4244: “=”: 从“int”转换到“float”，可能丢失数据
c:\users\ethanjyang\desktop\rule_based_algorithm_lin201812021158\rule_based_algorithm_lin201812021158\chinesechess\evalmodel.cpp(325): warning C4244: “=”: 从“int”转换到“float”，可能丢失数据
c:\users\ethanjyang\desktop\rule_based_algorithm_lin201812021158\rule_based_algorithm_lin201812021158\chinesechess\evalmodel.cpp(330): warning C4244: “=”: 从“int”转换到“float”，可能丢失数据
c:\users\ethanjyang\desktop\rule_based_algorithm_lin201812021158\rule_based_algorithm_lin201812021158\chinesechess\evalmodel.cpp(332): warning C4244: “=”: 从“int”转换到“float”，可能丢失数据
c:\users\ethanjyang\desktop\rule_based_algorithm_lin201812021158\rule_based_algorithm_lin201812021158\chinesechess\evalmodel.cpp(336): warning C4244: “=”: 从“int”转换到“float”，可能丢失数据
  piece.cpp
  rules.cpp
  searchModel.cpp
c:\users\ethanjyang\desktop\rule_based_algorithm_lin201812021158\rule_based_algorithm_lin201812021158\chinesechess\searchmodel.cpp(153): warning C4101: “temp”: 未引用的局部变量
  正在生成代码...
c:\users\ethanjyang\desktop\rule_based_algorithm_lin201812021158\rule_based_algorithm_lin201812021158\chinesechess\searchmodel.cpp(23): warning C4715: “get_oppo_move_side”: 不是所有的控件路径都返回值
  ChineseChess.vcxproj -> C:\Users\ethanjyang\Desktop\rule_based_algorithm_lin201812021158\rule_based_algorithm_lin201812021158\x64\Debug\ChineseChess.exe
