c:\users\ethanjyang\desktop\rule_based_algorithm_lin201812021158\rule_based_algorithm_lin201812021158\x64\release\chinesechess.ipdb
c:\users\ethanjyang\desktop\rule_based_algorithm_lin201812021158\rule_based_algorithm_lin201812021158\x64\release\chinesechess.iobj
c:\users\ethanjyang\desktop\rule_based_algorithm_lin201812021158\rule_based_algorithm_lin201812021158\chinesechess\x64\release\chinesechess.pch
c:\users\ethanjyang\desktop\rule_based_algorithm_lin201812021158\rule_based_algorithm_lin201812021158\chinesechess\x64\release\vc141.pdb
c:\users\ethanjyang\desktop\rule_based_algorithm_lin201812021158\rule_based_algorithm_lin201812021158\chinesechess\x64\release\stdafx.obj
c:\users\ethanjyang\desktop\rule_based_algorithm_lin201812021158\rule_based_algorithm_lin201812021158\chinesechess\x64\release\searchmodel.obj
c:\users\ethanjyang\desktop\rule_based_algorithm_lin201812021158\rule_based_algorithm_lin201812021158\chinesechess\x64\release\rules.obj
c:\users\ethanjyang\desktop\rule_based_algorithm_lin201812021158\rule_based_algorithm_lin201812021158\chinesechess\x64\release\piece.obj
c:\users\ethanjyang\desktop\rule_based_algorithm_lin201812021158\rule_based_algorithm_lin201812021158\chinesechess\x64\release\evalmodel.obj
c:\users\ethanjyang\desktop\rule_based_algorithm_lin201812021158\rule_based_algorithm_lin201812021158\chinesechess\x64\release\chinesechess.obj
c:\users\ethanjyang\desktop\rule_based_algorithm_lin201812021158\rule_based_algorithm_lin201812021158\chinesechess\x64\release\board.obj
c:\users\ethanjyang\desktop\rule_based_algorithm_lin201812021158\rule_based_algorithm_lin201812021158\chinesechess\x64\release\alphabetanode.obj
c:\users\ethanjyang\desktop\rule_based_algorithm_lin201812021158\rule_based_algorithm_lin201812021158\x64\release\chinesechess.exe
c:\users\ethanjyang\desktop\rule_based_algorithm_lin201812021158\rule_based_algorithm_lin201812021158\x64\release\chinesechess.pdb
c:\users\ethanjyang\desktop\rule_based_algorithm_lin201812021158\rule_based_algorithm_lin201812021158\chinesechess\x64\release\chinesechess.tlog\chinesechess.write.1u.tlog
c:\users\ethanjyang\desktop\rule_based_algorithm_lin201812021158\rule_based_algorithm_lin201812021158\chinesechess\x64\release\chinesechess.tlog\cl.command.1.tlog
c:\users\ethanjyang\desktop\rule_based_algorithm_lin201812021158\rule_based_algorithm_lin201812021158\chinesechess\x64\release\chinesechess.tlog\cl.read.1.tlog
c:\users\ethanjyang\desktop\rule_based_algorithm_lin201812021158\rule_based_algorithm_lin201812021158\chinesechess\x64\release\chinesechess.tlog\cl.write.1.tlog
c:\users\ethanjyang\desktop\rule_based_algorithm_lin201812021158\rule_based_algorithm_lin201812021158\chinesechess\x64\release\chinesechess.tlog\link.command.1.tlog
c:\users\ethanjyang\desktop\rule_based_algorithm_lin201812021158\rule_based_algorithm_lin201812021158\chinesechess\x64\release\chinesechess.tlog\link.read.1.tlog
c:\users\ethanjyang\desktop\rule_based_algorithm_lin201812021158\rule_based_algorithm_lin201812021158\chinesechess\x64\release\chinesechess.tlog\link.write.1.tlog
