  evalModel.cpp
c:\users\ethanjyang\desktop\rule_based_algorithm_lin201812021158\rule_based_algorithm_lin201812021158\chinesechess\evalmodel.cpp(261): warning C4267: “=”: 从“size_t”转换到“int”，可能丢失数据
c:\users\ethanjyang\desktop\rule_based_algorithm_lin201812021158\rule_based_algorithm_lin201812021158\chinesechess\evalmodel.cpp(264): warning C4244: “=”: 从“int”转换到“float”，可能丢失数据
c:\users\ethanjyang\desktop\rule_based_algorithm_lin201812021158\rule_based_algorithm_lin201812021158\chinesechess\evalmodel.cpp(275): warning C4244: “=”: 从“int”转换到“float”，可能丢失数据
c:\users\ethanjyang\desktop\rule_based_algorithm_lin201812021158\rule_based_algorithm_lin201812021158\chinesechess\evalmodel.cpp(277): warning C4244: “=”: 从“int”转换到“float”，可能丢失数据
c:\users\ethanjyang\desktop\rule_based_algorithm_lin201812021158\rule_based_algorithm_lin201812021158\chinesechess\evalmodel.cpp(281): warning C4244: “=”: 从“int”转换到“float”，可能丢失数据
c:\users\ethanjyang\desktop\rule_based_algorithm_lin201812021158\rule_based_algorithm_lin201812021158\chinesechess\evalmodel.cpp(286): warning C4244: “=”: 从“int”转换到“float”，可能丢失数据
c:\users\ethanjyang\desktop\rule_based_algorithm_lin201812021158\rule_based_algorithm_lin201812021158\chinesechess\evalmodel.cpp(288): warning C4244: “=”: 从“int”转换到“float”，可能丢失数据
c:\users\ethanjyang\desktop\rule_based_algorithm_lin201812021158\rule_based_algorithm_lin201812021158\chinesechess\evalmodel.cpp(292): warning C4244: “=”: 从“int”转换到“float”，可能丢失数据
c:\users\ethanjyang\desktop\rule_based_algorithm_lin201812021158\rule_based_algorithm_lin201812021158\chinesechess\evalmodel.cpp(297): warning C4244: “=”: 从“int”转换到“float”，可能丢失数据
c:\users\ethanjyang\desktop\rule_based_algorithm_lin201812021158\rule_based_algorithm_lin201812021158\chinesechess\evalmodel.cpp(299): warning C4244: “=”: 从“int”转换到“float”，可能丢失数据
c:\users\ethanjyang\desktop\rule_based_algorithm_lin201812021158\rule_based_algorithm_lin201812021158\chinesechess\evalmodel.cpp(303): warning C4244: “=”: 从“int”转换到“float”，可能丢失数据
c:\users\ethanjyang\desktop\rule_based_algorithm_lin201812021158\rule_based_algorithm_lin201812021158\chinesechess\evalmodel.cpp(308): warning C4244: “=”: 从“int”转换到“float”，可能丢失数据
c:\users\ethanjyang\desktop\rule_based_algorithm_lin201812021158\rule_based_algorithm_lin201812021158\chinesechess\evalmodel.cpp(310): warning C4244: “=”: 从“int”转换到“float”，可能丢失数据
c:\users\ethanjyang\desktop\rule_based_algorithm_lin201812021158\rule_based_algorithm_lin201812021158\chinesechess\evalmodel.cpp(314): warning C4244: “=”: 从“int”转换到“float”，可能丢失数据
c:\users\ethanjyang\desktop\rule_based_algorithm_lin201812021158\rule_based_algorithm_lin201812021158\chinesechess\evalmodel.cpp(319): warning C4244: “=”: 从“int”转换到“float”，可能丢失数据
c:\users\ethanjyang\desktop\rule_based_algorithm_lin201812021158\rule_based_algorithm_lin201812021158\chinesechess\evalmodel.cpp(321): warning C4244: “=”: 从“int”转换到“float”，可能丢失数据
c:\users\ethanjyang\desktop\rule_based_algorithm_lin201812021158\rule_based_algorithm_lin201812021158\chinesechess\evalmodel.cpp(325): warning C4244: “=”: 从“int”转换到“float”，可能丢失数据
c:\users\ethanjyang\desktop\rule_based_algorithm_lin201812021158\rule_based_algorithm_lin201812021158\chinesechess\evalmodel.cpp(330): warning C4244: “=”: 从“int”转换到“float”，可能丢失数据
c:\users\ethanjyang\desktop\rule_based_algorithm_lin201812021158\rule_based_algorithm_lin201812021158\chinesechess\evalmodel.cpp(332): warning C4244: “=”: 从“int”转换到“float”，可能丢失数据
c:\users\ethanjyang\desktop\rule_based_algorithm_lin201812021158\rule_based_algorithm_lin201812021158\chinesechess\evalmodel.cpp(336): warning C4244: “=”: 从“int”转换到“float”，可能丢失数据
  正在生成代码
  5 of 1609 functions ( 0.3%) were compiled, the rest were copied from previous compilation.
    0 functions were new in current compilation
    1 functions had inline decision re-evaluated but remain unchanged
  已完成代码的生成
  ChineseChess.vcxproj -> C:\Users\ethanjyang\Desktop\rule_based_algorithm_lin201812021158\rule_based_algorithm_lin201812021158\x64\Release\ChineseChess.exe
